2019-04-19 15:07:06.381  INFO 8408 --- [main] c.l.l.s.e.s.EureakServiceApplication     : No active profile set, falling back to default profiles: default
2019-04-19 15:07:06.396  INFO 8408 --- [main] ConfigServletWebServerApplicationContext : Refreshing org.springframework.boot.web.servlet.context.AnnotationConfigServletWebServerApplicationContext@1205bd62: startup date [Fri Apr 19 15:07:06 CST 2019]; parent: org.springframework.context.annotation.AnnotationConfigApplicationContext@747ddf94
2019-04-19 15:07:07.284  INFO 8408 --- [main] o.s.cloud.context.scope.GenericScope     : BeanFactory id=c9b19e47-570f-334f-bb1d-5535610d0bb5
2019-04-19 15:07:07.299  INFO 8408 --- [main] f.a.AutowiredAnnotationBeanPostProcessor : JSR-330 'javax.inject.Inject' annotation found and supported for autowiring
2019-04-19 15:07:07.374  INFO 8408 --- [main] trationDelegate$BeanPostProcessorChecker : Bean 'org.springframework.cloud.autoconfigure.ConfigurationPropertiesRebinderAutoConfiguration' of type [org.springframework.cloud.autoconfigure.ConfigurationPropertiesRebinderAutoConfiguration$$EnhancerBySpringCGLIB$$a4fe01c8] is not eligible for getting processed by all BeanPostProcessors (for example: not eligible for auto-proxying)
2019-04-19 15:07:07.616  INFO 8408 --- [main] o.s.b.w.embedded.tomcat.TomcatWebServer  : Tomcat initialized with port(s): 1000 (http)
2019-04-19 15:07:07.633  INFO 8408 --- [main] o.apache.catalina.core.StandardService   : Starting service [Tomcat]
2019-04-19 15:07:07.634  INFO 8408 --- [main] org.apache.catalina.core.StandardEngine  : Starting Servlet Engine: Apache Tomcat/8.5.31
2019-04-19 15:07:07.637  INFO 8408 --- [localhost-startStop-1] o.a.catalina.core.AprLifecycleListener   : The APR based Apache Tomcat Native library which allows optimal performance in production environments was not found on the java.library.path: [C:\Program Files\Java\jre1.8.0_171\bin;C:\WINDOWS\Sun\Java\bin;C:\WINDOWS\system32;C:\WINDOWS;C:/Program Files/Java/jre1.8.0_171/bin/server;C:/Program Files/Java/jre1.8.0_171/bin;C:/Program Files/Java/jre1.8.0_171/lib/amd64;C:\Program Files (x86)\Common Files\Oracle\Java\javapath;C:\Program Files (x86)\Intel\iCLS Client\;C:\Program Files\Intel\iCLS Client\;C:\Windows\system32;C:\Windows;C:\Windows\System32\Wbem;C:\Windows\System32\WindowsPowerShell\v1.0\;C:\Program Files (x86)\NVIDIA Corporation\PhysX\Common;C:\Program Files (x86)\Intel\Intel(R) Management Engine Components\DAL;C:\Program Files\Intel\Intel(R) Management Engine Components\DAL;C:\Program Files (x86)\Intel\Intel(R) Management Engine Components\IPT;C:\Program Files\Intel\Intel(R) Management Engine Components\IPT;C:\WINDOWS\system32;C:\WINDOWS;C:\WINDOWS\System32\Wbem;C:\WINDOWS\System32\WindowsPowerShell\v1.0\;C:\Program Files\Java\jdk1.8.0_171\lib;C:\Program Files\Java\jdk1.8.0_171\lib\;D:\Work\maven\apache-maven-3.3.9\lib\;D:\Program Files\TortoiseSVN\bin;D:\sourceCodeStudy\gradle-4.8.1\bin;D:\Program Files\Git\cmd;C:\WINDOWS\System32\OpenSSH\;D:\Program Files\nodejs\;C:\Program Files\NVIDIA Corporation\NVIDIA NvDLISR;D:\Program Files\python\Scripts\;D:\Program Files\python\;C:\Users\Tao-Three\AppData\Local\Microsoft\WindowsApps;C:\Users\Tao-Three\AppData\Local\Microsoft\WindowsApps;C:\Users\Tao-Three\AppData\Roaming\npm;D:\Web\Fiddler;C:\Users\Tao-Three\AppData\Local\BypassRuntm;D:\Work\IDEA\IntelliJ IDEA 2019.1\bin;;D:\Work\eclipse\eclipse;;.]
2019-04-19 15:07:07.807  INFO 8408 --- [localhost-startStop-1] o.a.c.c.C.[Tomcat].[localhost].[/]       : Initializing Spring embedded WebApplicationContext
2019-04-19 15:07:07.807  INFO 8408 --- [localhost-startStop-1] o.s.web.context.ContextLoader            : Root WebApplicationContext: initialization completed in 1411 ms
2019-04-19 15:07:08.113  WARN 8408 --- [localhost-startStop-1] c.n.c.sources.URLConfigurationSource     : No URLs will be polled as dynamic configuration sources.
2019-04-19 15:07:08.113  INFO 8408 --- [localhost-startStop-1] c.n.c.sources.URLConfigurationSource     : To enable URLs as dynamic configuration sources, define System property archaius.configurationSource.additionalUrls or make config.properties available on classpath.
2019-04-19 15:07:08.142  INFO 8408 --- [localhost-startStop-1] c.netflix.config.DynamicPropertyFactory  : DynamicPropertyFactory is initialized with configuration sources: com.netflix.config.ConcurrentCompositeConfiguration@3e07983c
2019-04-19 15:07:11.133  INFO 8408 --- [localhost-startStop-1] o.s.b.w.servlet.FilterRegistrationBean   : Mapping filter: 'characterEncodingFilter' to: [/*]
2019-04-19 15:07:11.135  INFO 8408 --- [localhost-startStop-1] o.s.b.w.servlet.FilterRegistrationBean   : Mapping filter: 'hiddenHttpMethodFilter' to: [/*]
2019-04-19 15:07:11.135  INFO 8408 --- [localhost-startStop-1] o.s.b.w.servlet.FilterRegistrationBean   : Mapping filter: 'httpPutFormContentFilter' to: [/*]
2019-04-19 15:07:11.136  INFO 8408 --- [localhost-startStop-1] o.s.b.w.servlet.FilterRegistrationBean   : Mapping filter: 'requestContextFilter' to: [/*]
2019-04-19 15:07:11.136  INFO 8408 --- [localhost-startStop-1] o.s.b.w.servlet.FilterRegistrationBean   : Mapping filter: 'httpTraceFilter' to: [/*]
2019-04-19 15:07:11.136  INFO 8408 --- [localhost-startStop-1] o.s.b.w.servlet.FilterRegistrationBean   : Mapping filter: 'webMvcMetricsFilter' to: [/*]
2019-04-19 15:07:11.136  INFO 8408 --- [localhost-startStop-1] o.s.b.w.servlet.FilterRegistrationBean   : Mapping filter: 'servletContainer' to urls: [/eureka/*]
2019-04-19 15:07:11.136  INFO 8408 --- [localhost-startStop-1] o.s.b.w.servlet.ServletRegistrationBean  : Servlet dispatcherServlet mapped to [/]
2019-04-19 15:07:11.289  INFO 8408 --- [localhost-startStop-1] c.s.j.s.i.a.WebApplicationImpl           : Initiating Jersey application, version 'Jersey: 1.19.1 03/11/2016 02:08 PM'
2019-04-19 15:07:11.372  INFO 8408 --- [localhost-startStop-1] c.n.d.provider.DiscoveryJerseyProvider   : Using JSON encoding codec LegacyJacksonJson
2019-04-19 15:07:11.372  INFO 8408 --- [localhost-startStop-1] c.n.d.provider.DiscoveryJerseyProvider   : Using JSON decoding codec LegacyJacksonJson
2019-04-19 15:07:11.457  INFO 8408 --- [localhost-startStop-1] c.n.d.provider.DiscoveryJerseyProvider   : Using XML encoding codec XStreamXml
2019-04-19 15:07:11.457  INFO 8408 --- [localhost-startStop-1] c.n.d.provider.DiscoveryJerseyProvider   : Using XML decoding codec XStreamXml
2019-04-19 15:07:11.818  WARN 8408 --- [main] c.n.c.sources.URLConfigurationSource     : No URLs will be polled as dynamic configuration sources.
2019-04-19 15:07:11.818  INFO 8408 --- [main] c.n.c.sources.URLConfigurationSource     : To enable URLs as dynamic configuration sources, define System property archaius.configurationSource.additionalUrls or make config.properties available on classpath.
2019-04-19 15:07:11.892  INFO 8408 --- [main] o.s.w.s.handler.SimpleUrlHandlerMapping  : Mapped URL path [/**/favicon.ico] onto handler of type [class org.springframework.web.servlet.resource.ResourceHttpRequestHandler]
2019-04-19 15:07:12.082  INFO 8408 --- [main] s.w.s.m.m.a.RequestMappingHandlerAdapter : Looking for @ControllerAdvice: org.springframework.boot.web.servlet.context.AnnotationConfigServletWebServerApplicationContext@1205bd62: startup date [Fri Apr 19 15:07:06 CST 2019]; parent: org.springframework.context.annotation.AnnotationConfigApplicationContext@747ddf94
2019-04-19 15:07:12.132  INFO 8408 --- [main] s.w.s.m.m.a.RequestMappingHandlerMapping : Mapped "{[/error]}" onto public org.springframework.http.ResponseEntity<java.util.Map<java.lang.String, java.lang.Object>> org.springframework.boot.autoconfigure.web.servlet.error.BasicErrorController.error(javax.servlet.http.HttpServletRequest)
2019-04-19 15:07:12.135  INFO 8408 --- [main] s.w.s.m.m.a.RequestMappingHandlerMapping : Mapped "{[/error],produces=[text/html]}" onto public org.springframework.web.servlet.ModelAndView org.springframework.boot.autoconfigure.web.servlet.error.BasicErrorController.errorHtml(javax.servlet.http.HttpServletRequest,javax.servlet.http.HttpServletResponse)
2019-04-19 15:07:12.144  INFO 8408 --- [main] s.w.s.m.m.a.RequestMappingHandlerMapping : Mapped "{[/],methods=[GET]}" onto public java.lang.String org.springframework.cloud.netflix.eureka.server.EurekaController.status(javax.servlet.http.HttpServletRequest,java.util.Map<java.lang.String, java.lang.Object>)
2019-04-19 15:07:12.144  INFO 8408 --- [main] s.w.s.m.m.a.RequestMappingHandlerMapping : Mapped "{[/lastn],methods=[GET]}" onto public java.lang.String org.springframework.cloud.netflix.eureka.server.EurekaController.lastn(javax.servlet.http.HttpServletRequest,java.util.Map<java.lang.String, java.lang.Object>)
2019-04-19 15:07:12.164  INFO 8408 --- [main] o.s.w.s.handler.SimpleUrlHandlerMapping  : Mapped URL path [/webjars/**] onto handler of type [class org.springframework.web.servlet.resource.ResourceHttpRequestHandler]
2019-04-19 15:07:12.165  INFO 8408 --- [main] o.s.w.s.handler.SimpleUrlHandlerMapping  : Mapped URL path [/**] onto handler of type [class org.springframework.web.servlet.resource.ResourceHttpRequestHandler]
2019-04-19 15:07:12.541  INFO 8408 --- [main] o.s.ui.freemarker.SpringTemplateLoader   : SpringTemplateLoader for FreeMarker: using resource loader [org.springframework.boot.web.servlet.context.AnnotationConfigServletWebServerApplicationContext@1205bd62: startup date [Fri Apr 19 15:07:06 CST 2019]; parent: org.springframework.context.annotation.AnnotationConfigApplicationContext@747ddf94] and template loader path [classpath:/templates/]
2019-04-19 15:07:12.542  INFO 8408 --- [main] o.s.w.s.v.f.FreeMarkerConfigurer         : ClassTemplateLoader for Spring macros added to FreeMarker configuration
2019-04-19 15:07:12.700  INFO 8408 --- [main] o.s.c.n.eureka.InstanceInfoFactory       : Setting initial instance status as: STARTING
2019-04-19 15:07:12.767  INFO 8408 --- [main] com.netflix.discovery.DiscoveryClient    : Initializing Eureka in region us-east-1
2019-04-19 15:07:12.767  INFO 8408 --- [main] com.netflix.discovery.DiscoveryClient    : Client configured to neither register nor query for data.
2019-04-19 15:07:12.774  INFO 8408 --- [main] com.netflix.discovery.DiscoveryClient    : Discovery Client initialized at timestamp 1555657632773 with initial instances count: 0
2019-04-19 15:07:12.835  INFO 8408 --- [main] c.n.eureka.DefaultEurekaServerContext    : Initializing ...
2019-04-19 15:07:12.836  WARN 8408 --- [main] c.n.eureka.cluster.PeerEurekaNodes       : The replica size seems to be empty. Check the route 53 DNS Registry
2019-04-19 15:07:12.851  INFO 8408 --- [main] c.n.e.registry.AbstractInstanceRegistry  : Finished initializing remote region registries. All known remote regions: []
2019-04-19 15:07:12.852  INFO 8408 --- [main] c.n.eureka.DefaultEurekaServerContext    : Initialized
2019-04-19 15:07:12.868  INFO 8408 --- [main] o.s.b.a.e.web.EndpointLinksResolver      : Exposing 2 endpoint(s) beneath base path '/actuator'
2019-04-19 15:07:12.877  INFO 8408 --- [main] s.b.a.e.w.s.WebMvcEndpointHandlerMapping : Mapped "{[/actuator/health],methods=[GET],produces=[application/vnd.spring-boot.actuator.v2+json || application/json]}" onto public java.lang.Object org.springframework.boot.actuate.endpoint.web.servlet.AbstractWebMvcEndpointHandlerMapping$OperationHandler.handle(javax.servlet.http.HttpServletRequest,java.util.Map<java.lang.String, java.lang.String>)
2019-04-19 15:07:12.877  INFO 8408 --- [main] s.b.a.e.w.s.WebMvcEndpointHandlerMapping : Mapped "{[/actuator/info],methods=[GET],produces=[application/vnd.spring-boot.actuator.v2+json || application/json]}" onto public java.lang.Object org.springframework.boot.actuate.endpoint.web.servlet.AbstractWebMvcEndpointHandlerMapping$OperationHandler.handle(javax.servlet.http.HttpServletRequest,java.util.Map<java.lang.String, java.lang.String>)
2019-04-19 15:07:12.878  INFO 8408 --- [main] s.b.a.e.w.s.WebMvcEndpointHandlerMapping : Mapped "{[/actuator],methods=[GET],produces=[application/vnd.spring-boot.actuator.v2+json || application/json]}" onto protected java.util.Map<java.lang.String, java.util.Map<java.lang.String, org.springframework.boot.actuate.endpoint.web.Link>> org.springframework.boot.actuate.endpoint.web.servlet.WebMvcEndpointHandlerMapping.links(javax.servlet.http.HttpServletRequest,javax.servlet.http.HttpServletResponse)
2019-04-19 15:07:12.920  INFO 8408 --- [main] o.s.j.e.a.AnnotationMBeanExporter        : Registering beans for JMX exposure on startup
2019-04-19 15:07:12.927  INFO 8408 --- [main] o.s.j.e.a.AnnotationMBeanExporter        : Bean with name 'environmentManager' has been autodetected for JMX exposure
2019-04-19 15:07:12.928  INFO 8408 --- [main] o.s.j.e.a.AnnotationMBeanExporter        : Bean with name 'configurationPropertiesRebinder' has been autodetected for JMX exposure
2019-04-19 15:07:12.929  INFO 8408 --- [main] o.s.j.e.a.AnnotationMBeanExporter        : Bean with name 'refreshScope' has been autodetected for JMX exposure
2019-04-19 15:07:12.931  INFO 8408 --- [main] o.s.j.e.a.AnnotationMBeanExporter        : Located managed bean 'environmentManager': registering with JMX server as MBean [org.springframework.cloud.context.environment:name=environmentManager,type=EnvironmentManager]
2019-04-19 15:07:12.938  INFO 8408 --- [main] o.s.j.e.a.AnnotationMBeanExporter        : Located managed bean 'refreshScope': registering with JMX server as MBean [org.springframework.cloud.context.scope.refresh:name=refreshScope,type=RefreshScope]
2019-04-19 15:07:12.946  INFO 8408 --- [main] o.s.j.e.a.AnnotationMBeanExporter        : Located managed bean 'configurationPropertiesRebinder': registering with JMX server as MBean [org.springframework.cloud.context.properties:name=configurationPropertiesRebinder,context=1205bd62,type=ConfigurationPropertiesRebinder]
2019-04-19 15:07:12.955  INFO 8408 --- [main] o.s.c.support.DefaultLifecycleProcessor  : Starting beans in phase 0
2019-04-19 15:07:12.958  INFO 8408 --- [main] o.s.c.n.e.s.EurekaServiceRegistry        : Registering application eureka-service with eureka with status UP
2019-04-19 15:07:12.961  INFO 8408 --- [Thread-13] o.s.c.n.e.server.EurekaServerBootstrap   : Setting the eureka configuration..
2019-04-19 15:07:12.962  INFO 8408 --- [Thread-13] o.s.c.n.e.server.EurekaServerBootstrap   : Eureka data center value eureka.datacenter is not set, defaulting to default
2019-04-19 15:07:12.962  INFO 8408 --- [Thread-13] o.s.c.n.e.server.EurekaServerBootstrap   : Eureka environment value eureka.environment is not set, defaulting to test
2019-04-19 15:07:13.010  INFO 8408 --- [Thread-13] o.s.c.n.e.server.EurekaServerBootstrap   : isAws returned false
2019-04-19 15:07:13.011  INFO 8408 --- [Thread-13] o.s.c.n.e.server.EurekaServerBootstrap   : Initialized server context
2019-04-19 15:07:13.011  INFO 8408 --- [Thread-13] c.n.e.r.PeerAwareInstanceRegistryImpl    : Got 1 instances from neighboring DS node
2019-04-19 15:07:13.011  INFO 8408 --- [Thread-13] c.n.e.r.PeerAwareInstanceRegistryImpl    : Renew threshold is: 1
2019-04-19 15:07:13.011  INFO 8408 --- [Thread-13] c.n.e.r.PeerAwareInstanceRegistryImpl    : Changing status to UP
2019-04-19 15:07:13.022  INFO 8408 --- [Thread-13] e.s.EurekaServerInitializerConfiguration : Started Eureka Server
2019-04-19 15:07:13.023  INFO 8408 --- [main] o.s.b.w.embedded.tomcat.TomcatWebServer  : Tomcat started on port(s): 1000 (http) with context path ''
2019-04-19 15:07:13.025  INFO 8408 --- [main] .s.c.n.e.s.EurekaAutoServiceRegistration : Updating port to 1000
2019-04-19 15:07:13.026  INFO 8408 --- [main] c.l.l.s.e.s.EureakServiceApplication     : Started EureakServiceApplication in 8.77 seconds (JVM running for 10.211)
2019-04-19 15:07:13.029  INFO 8408 --- [main] c.l.l.s.e.s.EureakServiceApplication     : spring-cloud-eureka-service启动!
2019-04-19 15:07:27.060  INFO 8408 --- [http-nio-1000-exec-1] o.a.c.c.C.[Tomcat].[localhost].[/]       : Initializing Spring FrameworkServlet 'dispatcherServlet'
2019-04-19 15:07:27.060  INFO 8408 --- [http-nio-1000-exec-1] o.s.web.servlet.DispatcherServlet        : FrameworkServlet 'dispatcherServlet': initialization started
2019-04-19 15:07:27.093  INFO 8408 --- [http-nio-1000-exec-1] o.s.web.servlet.DispatcherServlet        : FrameworkServlet 'dispatcherServlet': initialization completed in 33 ms
2019-04-19 15:07:27.516  INFO 8408 --- [http-nio-1000-exec-2] c.n.e.registry.AbstractInstanceRegistry  : Registered instance ZUUL-SERVER/192.168.1.197:8888 with status UP (replication=false)
2019-04-19 15:07:48.880  INFO 8408 --- [http-nio-1000-exec-4] c.n.e.registry.AbstractInstanceRegistry  : Registered instance EUREKA-CLIENT/192.168.1.197:2000 with status UP (replication=false)
2019-04-19 15:08:13.013  INFO 8408 --- [Eureka-EvictionTimer] c.n.e.registry.AbstractInstanceRegistry  : Running the evict task with compensationTime 0ms
2019-04-19 15:08:25.505  INFO 8408 --- [http-nio-1000-exec-6] c.n.e.registry.AbstractInstanceRegistry  : Registered instance ZUUL-GATEWAY/192.168.1.197:8899 with status UP (replication=false)
2019-04-19 15:08:57.387  INFO 8408 --- [http-nio-1000-exec-8] c.n.e.registry.AbstractInstanceRegistry  : Registered instance API-SERVICE-ONE/192.168.1.197:789 with status UP (replication=false)
2019-04-19 15:09:12.314  INFO 8408 --- [http-nio-1000-exec-6] c.n.e.registry.AbstractInstanceRegistry  : Registered instance API-SERVICE-TWO/192.168.1.197:788 with status UP (replication=false)
2019-04-19 15:09:13.014  INFO 8408 --- [Eureka-EvictionTimer] c.n.e.registry.AbstractInstanceRegistry  : Running the evict task with compensationTime 0ms
2019-04-19 15:10:13.014  INFO 8408 --- [Eureka-EvictionTimer] c.n.e.registry.AbstractInstanceRegistry  : Running the evict task with compensationTime 0ms
2019-04-19 15:10:48.307  INFO 8408 --- [http-nio-1000-exec-9] c.n.e.registry.AbstractInstanceRegistry  : Registered instance API-SERVICE-TWO/192.168.1.197:788 with status UP (replication=false)
2019-04-19 15:10:48.407  INFO 8408 --- [http-nio-1000-exec-8] c.n.e.registry.AbstractInstanceRegistry  : Registered instance API-SERVICE-TWO/192.168.1.197:788 with status DOWN (replication=false)
2019-04-19 15:11:13.014  INFO 8408 --- [Eureka-EvictionTimer] c.n.e.registry.AbstractInstanceRegistry  : Running the evict task with compensationTime 0ms
2019-04-19 15:12:13.015  INFO 8408 --- [Eureka-EvictionTimer] c.n.e.registry.AbstractInstanceRegistry  : Running the evict task with compensationTime 0ms
2019-04-19 15:13:13.016  INFO 8408 --- [Eureka-EvictionTimer] c.n.e.registry.AbstractInstanceRegistry  : Running the evict task with compensationTime 0ms
2019-04-19 15:14:13.016  INFO 8408 --- [Eureka-EvictionTimer] c.n.e.registry.AbstractInstanceRegistry  : Running the evict task with compensationTime 0ms
2019-04-19 15:15:13.016  INFO 8408 --- [Eureka-EvictionTimer] c.n.e.registry.AbstractInstanceRegistry  : Running the evict task with compensationTime 0ms
2019-04-19 15:16:13.018  INFO 8408 --- [Eureka-EvictionTimer] c.n.e.registry.AbstractInstanceRegistry  : Running the evict task with compensationTime 0ms
2019-04-19 15:17:09.959  INFO 8408 --- [RMI TCP Connection(2)-127.0.0.1] inMXBeanRegistrar$SpringApplicationAdmin : Application shutdown requested.
2019-04-19 15:17:09.960  INFO 8408 --- [RMI TCP Connection(2)-127.0.0.1] ConfigServletWebServerApplicationContext : Closing org.springframework.boot.web.servlet.context.AnnotationConfigServletWebServerApplicationContext@1205bd62: startup date [Fri Apr 19 15:07:06 CST 2019]; parent: org.springframework.context.annotation.AnnotationConfigApplicationContext@747ddf94
2019-04-19 15:17:09.961  INFO 8408 --- [RMI TCP Connection(2)-127.0.0.1] o.s.c.n.e.s.EurekaServiceRegistry        : Unregistering application eureka-service with eureka with status DOWN
2019-04-19 15:17:09.965  INFO 8408 --- [RMI TCP Connection(2)-127.0.0.1] o.s.c.support.DefaultLifecycleProcessor  : Stopping beans in phase 0
2019-04-19 15:17:09.966  INFO 8408 --- [RMI TCP Connection(2)-127.0.0.1] c.n.eureka.DefaultEurekaServerContext    : Shutting down ...
2019-04-19 15:17:09.969  INFO 8408 --- [RMI TCP Connection(2)-127.0.0.1] c.n.eureka.DefaultEurekaServerContext    : Shut down
2019-04-19 15:17:09.973  INFO 8408 --- [RMI TCP Connection(2)-127.0.0.1] o.s.j.e.a.AnnotationMBeanExporter        : Unregistering JMX-exposed beans on shutdown
2019-04-19 15:17:09.974  INFO 8408 --- [RMI TCP Connection(2)-127.0.0.1] o.s.j.e.a.AnnotationMBeanExporter        : Unregistering JMX-exposed beans
2019-04-19 15:17:09.978  INFO 8408 --- [RMI TCP Connection(2)-127.0.0.1] com.netflix.discovery.DiscoveryClient    : Shutting down DiscoveryClient ...
2019-04-19 15:17:09.979  INFO 8408 --- [RMI TCP Connection(2)-127.0.0.1] com.netflix.discovery.DiscoveryClient    : Completed shut down of DiscoveryClient
2019-04-19 15:17:10.436  INFO 8408 --- [RMI TCP Connection(2)-127.0.0.1] o.apache.catalina.core.StandardService   : Stopping service [Tomcat]
2019-04-19 15:17:10.438  INFO 8408 --- [localhost-startStop-2] o.a.c.c.C.[Tomcat].[localhost].[/]       : Destroying Spring FrameworkServlet 'dispatcherServlet'
